<?xml version="1.0" encoding="UTF-8"?>
<testng-results ignored="0" total="2" passed="2" failed="0" skipped="0">
  <reporter-output>
  </reporter-output>
  <suite started-at="2020-12-19T19:26:05Z" name="Default suite" finished-at="2020-12-19T19:28:12Z" duration-ms="126668">
    <groups>
    </groups>
    <test started-at="2020-12-19T19:26:05Z" name="Default test" finished-at="2020-12-19T19:28:12Z" duration-ms="126668">
      <class name="com.qa.flipkart.testcase.MyProfilePageTest">
        <test-method is-config="true" signature="setup()[pri:0, instance:com.qa.flipkart.testcase.MyProfilePageTest@3a079870]" started-at="2020-12-20T00:56:09Z" name="setup" finished-at="2020-12-20T00:56:46Z" duration-ms="37140" status="PASS">
          <reporter-output>
          </reporter-output>
        </test-method> <!-- setup -->
        <test-method signature="Enterdetails(java.lang.String, java.lang.String)[pri:1, instance:com.qa.flipkart.testcase.MyProfilePageTest@3a079870]" started-at="2020-12-20T00:56:46Z" name="Enterdetails" data-provider="getTestdata" finished-at="2020-12-20T00:57:14Z" duration-ms="28450" status="PASS">
          <params>
            <param index="0">
              <value>
                <![CDATA[Sonu]]>
              </value>
            </param>
            <param index="1">
              <value>
                <![CDATA[jalan]]>
              </value>
            </param>
          </params>
          <reporter-output>
          </reporter-output>
        </test-method> <!-- Enterdetails -->
        <test-method is-config="true" signature="teardown()[pri:0, instance:com.qa.flipkart.testcase.MyProfilePageTest@3a079870]" started-at="2020-12-20T00:57:14Z" name="teardown" finished-at="2020-12-20T00:57:14Z" duration-ms="1" status="PASS">
          <reporter-output>
          </reporter-output>
        </test-method> <!-- teardown -->
        <test-method is-config="true" signature="setup()[pri:0, instance:com.qa.flipkart.testcase.MyProfilePageTest@3a079870]" started-at="2020-12-20T00:57:14Z" name="setup" finished-at="2020-12-20T00:57:45Z" duration-ms="30479" status="PASS">
          <reporter-output>
          </reporter-output>
        </test-method> <!-- setup -->
        <test-method signature="Enterdetails(java.lang.String, java.lang.String)[pri:1, instance:com.qa.flipkart.testcase.MyProfilePageTest@3a079870]" started-at="2020-12-20T00:57:45Z" name="Enterdetails" data-provider="getTestdata" finished-at="2020-12-20T00:58:12Z" duration-ms="27104" status="PASS">
          <params>
            <param index="0">
              <value>
                <![CDATA[Shailesh ]]>
              </value>
            </param>
            <param index="1">
              <value>
                <![CDATA[jalan]]>
              </value>
            </param>
          </params>
          <reporter-output>
          </reporter-output>
        </test-method> <!-- Enterdetails -->
        <test-method is-config="true" signature="teardown()[pri:0, instance:com.qa.flipkart.testcase.MyProfilePageTest@3a079870]" started-at="2020-12-20T00:58:12Z" name="teardown" finished-at="2020-12-20T00:58:12Z" duration-ms="1" status="PASS">
          <reporter-output>
          </reporter-output>
        </test-method> <!-- teardown -->
      </class> <!-- com.qa.flipkart.testcase.MyProfilePageTest -->
    </test> <!-- Default test -->
  </suite> <!-- Default suite -->
</testng-results>
